<?xml version="1.0" encoding="UTF-8"?>
<!-- Generated by org.testng.reporters.JUnitReportReporter -->
<testsuite hostname="LAPTOP-MS6D5A4F" failures="0" tests="1" name="Runner.TestRunner" time="25.595" errors="0" timestamp="2025-06-15T21:05:45 IST" skipped="0">
  <testcase classname="Runner.TestRunner" name="runScenario" time="25.595"/>
</testsuite> <!-- Runner.TestRunner -->
